<?xml version="1.0" encoding="UTF-8"?>
<!-- Generated by org.testng.reporters.JUnitXMLReporter -->
<testsuite hostname="TABLET-70UC1I6I" ignored="0" name="Test" tests="10" failures="0" timestamp="23 Dec 2022 17:51:26 GMT" time="1.686" errors="0">
  <testcase name="testcase1" time="1.07" classname="org.testing.testCases.TC1_PostRequest"/>
  <testcase name="testcase2" time="0.047" classname="org.testing.testCases.TC2_GetAllRequest"/>
  <testcase name="testcase3" time="0.047" classname="org.testing.testCases.TC3_GetParticularRecord"/>
  <testcase name="testcase4" time="0.046" classname="org.testing.testCases.TC4_PutRequest"/>
  <testcase name="testcase5" time="0.03" classname="org.testing.testCases.TC5_DeleteRequest"/>
  <testcase name="testcase6" time="0.136" classname="org.testing.testCases.TC6_PostRequest2"/>
  <testcase name="testcase7" time="0.046" classname="org.testing.testCases.TC7_GetAllRequest2"/>
  <testcase name="testcase8" time="0.08" classname="org.testing.testCases.TC8_GetParticularRecord2"/>
  <testcase name="testcase9" time="0.078" classname="org.testing.testCases.TC9_PutRequest2"/>
  <testcase name="testcase10" time="0.086" classname="org.testing.testCases.TC10_DeleteRequest2"/>
</testsuite> <!-- Test -->
